__main__ - INFO - user add item into grocery list - 2023-01-18 23:33:54,166 - 1674072234.166826
__main__ - INFO - user mahnaz fallah arrived into shopping list .  - 2023-01-21 10:51:59,007 - 1674285719.007463
__main__ - INFO - user mahnaz fallah arrived into shopping list .  - 2023-01-21 10:54:14,746 - 1674285854.746804
__main__ - INFO - user sxd awd arrived into shopping list .  - 2023-01-21 10:57:57,923 - 1674286077.923214
__main__ - INFO - user aewr wear arrived into shopping list .  - 2023-01-21 11:01:20,381 - 1674286280.381575
__main__ - INFO - user add item into grocery list - 2023-01-21 11:02:12,112 - 1674286332.112180
__main__ - INFO - user wf wef arrived into shopping list .  - 2023-01-21 11:04:14,873 - 1674286454.873741
__main__ - INFO - user sara dash arrived into shopping list .  - 2023-01-21 11:10:18,772 - 1674286818.772189
__main__ - INFO - user mahnaz fallah arrived into shopping list .  - 2023-01-21 11:11:08,643 - 1674286868.643081
__main__ - INFO - user add item into grocery list - 2023-01-21 11:11:46,138 - 1674286906.138281
__main__ - INFO - user add item into grocery list - 2023-01-21 11:12:08,305 - 1674286928.305586
__main__ - INFO - user add item into grocery list - 2023-01-21 11:12:23,728 - 1674286943.728800
__main__ - INFO - user wedrfg wqer arrived into shopping list .  - 2023-01-21 11:12:43,855 - 1674286963.855777
__main__ - INFO - user sdfg dfergt arrived into shopping list .  - 2023-01-21 11:15:16,790 - 1674287116.790335
__main__ - INFO - user swqadef wqsed arrived into shopping list .  - 2023-01-21 11:17:00,294 - 1674287220.294625
__main__ - INFO - user asdfg swdefg arrived into shopping list .  - 2023-01-21 11:18:25,574 - 1674287305.574571
__main__ - INFO - user asdfg sadf arrived into shopping list .  - 2023-01-21 11:35:47,754 - 1674288347.754945
__main__ - INFO - user add item into grocery list - 2023-01-21 11:40:07,962 - 1674288607.962334
__main__ - INFO - user add item into grocery list - 2023-01-21 11:40:15,886 - 1674288615.886883
__main__ - INFO - user add item into grocery list - 2023-01-21 11:42:02,420 - 1674288722.420319
__main__ - INFO - user add item into grocery list - 2023-01-21 11:42:55,351 - 1674288775.351819
__main__ - INFO - carrot modified into lettuce in your grocery list. - 2023-01-21 11:44:08,928 - 1674288848.928334
__main__ - INFO - user add item into grocery list - 2023-01-21 11:48:57,170 - 1674289137.170110
__main__ - INFO - user add item into grocery list - 2023-01-21 11:49:08,008 - 1674289148.008137
__main__ - INFO - user sa qwsd arrived into shopping list .  - 2023-01-21 12:37:27,051 - 1674292047.051626
__main__ - INFO - user mahnaz fallah arrived into shopping list .  - 2023-01-21 14:03:30,841 - 1674297210.841558
__main__ - INFO - user add item into grocery list - 2023-01-21 15:00:34,477 - 1674300634.477862
